2022-06-15-16-26 [main] [com.example.springbootdemo.SpringbootDemoApplication] [INFO] - Starting SpringbootDemoApplication using Java 1.8.0_191 on 192.168.0.102 with PID 24044 (/Users/zhangxianglong/IdeaProjects/zhangxianglong/spring/springboot/springboot-demo/target/classes started by zhangxianglong in /Users/zhangxianglong/IdeaProjects/zhangxianglong/spring/springboot/springboot-demo)
2022-06-15-16-26 [main] [com.example.springbootdemo.SpringbootDemoApplication] [INFO] - The following profiles are active: dev
2022-06-15-16-26 [main] [org.springframework.data.repository.config.RepositoryConfigurationDelegate] [INFO] - Multiple Spring Data modules found, entering strict repository configuration mode!
2022-06-15-16-26 [main] [org.springframework.data.repository.config.RepositoryConfigurationDelegate] [INFO] - Bootstrapping Spring Data Neo4j repositories in DEFAULT mode.
2022-06-15-16-26 [main] [org.springframework.data.repository.config.RepositoryConfigurationDelegate] [INFO] - Finished Spring Data repository scanning in 11 ms. Found 0 Neo4j repository interfaces.
2022-06-15-16-26 [main] [org.springframework.data.repository.config.RepositoryConfigurationDelegate] [INFO] - Multiple Spring Data modules found, entering strict repository configuration mode!
2022-06-15-16-26 [main] [org.springframework.data.repository.config.RepositoryConfigurationDelegate] [INFO] - Bootstrapping Spring Data Neo4j repositories in DEFAULT mode.
2022-06-15-16-26 [main] [org.springframework.data.repository.config.RepositoryConfigurationDelegate] [INFO] - Finished Spring Data repository scanning in 3 ms. Found 0 Neo4j repository interfaces.
2022-06-15-16-26 [main] [org.springframework.data.repository.config.RepositoryConfigurationDelegate] [INFO] - Multiple Spring Data modules found, entering strict repository configuration mode!
2022-06-15-16-26 [main] [org.springframework.data.repository.config.RepositoryConfigurationDelegate] [INFO] - Bootstrapping Spring Data Redis repositories in DEFAULT mode.
2022-06-15-16-26 [main] [org.springframework.data.repository.config.RepositoryConfigurationDelegate] [INFO] - Finished Spring Data repository scanning in 3 ms. Found 0 Redis repository interfaces.
2022-06-15-16-26 [main] [org.springframework.context.support.PostProcessorRegistrationDelegate$BeanPostProcessorChecker] [INFO] - Bean 'customizeAsyncConfigurer' of type [com.example.springbootdemo.config.CustomizeAsyncConfigurer$$EnhancerBySpringCGLIB$$63baade8] is not eligible for getting processed by all BeanPostProcessors (for example: not eligible for auto-proxying)
2022-06-15-16-26 [main] [org.springframework.boot.web.embedded.tomcat.TomcatWebServer] [INFO] - Tomcat initialized with port(s): 8080 (http)
2022-06-15-16-26 [main] [org.springframework.boot.web.servlet.context.ServletWebServerApplicationContext] [INFO] - Root WebApplicationContext: initialization completed in 2112 ms
2022-06-15-16-26 [main] [com.alibaba.druid.spring.boot.autoconfigure.DruidDataSourceAutoConfigure] [INFO] - Init DruidDataSource
2022-06-15-16-26 [main] [com.alibaba.druid.pool.DruidDataSource] [INFO] - {dataSource-1} inited
2022-06-15-16-26 [main] [org.springframework.boot.web.servlet.context.AnnotationConfigServletWebServerApplicationContext] [WARN] - Exception encountered during context initialization - cancelling refresh attempt: org.springframework.beans.factory.BeanCreationException: Error creating bean with name 'spiTestController': Injection of resource dependencies failed; nested exception is org.springframework.beans.factory.NoSuchBeanDefinitionException: No qualifying bean of type 'com.example.springbootdemo.service.spi.TestSpiService' available: expected at least 1 bean which qualifies as autowire candidate. Dependency annotations: {@javax.annotation.Resource(shareable=true, lookup=, name=, description=, authenticationType=CONTAINER, type=class java.lang.Object, mappedName=)}
2022-06-15-16-26 [main] [com.alibaba.druid.pool.DruidDataSource] [INFO] - {dataSource-1} closing ...
2022-06-15-16-26 [main] [com.alibaba.druid.pool.DruidDataSource] [INFO] - {dataSource-1} closed
2022-06-15-16-26 [main] [org.springframework.boot.autoconfigure.logging.ConditionEvaluationReportLoggingListener] [INFO] - 

Error starting ApplicationContext. To display the conditions report re-run your application with 'debug' enabled.
2022-06-15-16-26 [main] [org.springframework.boot.diagnostics.LoggingFailureAnalysisReporter] [ERROR] - 

***************************
APPLICATION FAILED TO START
***************************

Description:

A component required a bean of type 'com.example.springbootdemo.service.spi.TestSpiService' that could not be found.


Action:

Consider defining a bean of type 'com.example.springbootdemo.service.spi.TestSpiService' in your configuration.

2022-06-15-16-27 [main] [com.example.springbootdemo.SpringbootDemoApplication] [INFO] - Starting SpringbootDemoApplication using Java 1.8.0_191 on 192.168.0.102 with PID 24084 (/Users/zhangxianglong/IdeaProjects/zhangxianglong/spring/springboot/springboot-demo/target/classes started by zhangxianglong in /Users/zhangxianglong/IdeaProjects/zhangxianglong/spring/springboot/springboot-demo)
2022-06-15-16-27 [main] [com.example.springbootdemo.SpringbootDemoApplication] [INFO] - The following profiles are active: dev
2022-06-15-16-27 [main] [org.springframework.data.repository.config.RepositoryConfigurationDelegate] [INFO] - Multiple Spring Data modules found, entering strict repository configuration mode!
2022-06-15-16-27 [main] [org.springframework.data.repository.config.RepositoryConfigurationDelegate] [INFO] - Bootstrapping Spring Data Neo4j repositories in DEFAULT mode.
2022-06-15-16-27 [main] [org.springframework.data.repository.config.RepositoryConfigurationDelegate] [INFO] - Finished Spring Data repository scanning in 11 ms. Found 0 Neo4j repository interfaces.
2022-06-15-16-27 [main] [org.springframework.data.repository.config.RepositoryConfigurationDelegate] [INFO] - Multiple Spring Data modules found, entering strict repository configuration mode!
2022-06-15-16-27 [main] [org.springframework.data.repository.config.RepositoryConfigurationDelegate] [INFO] - Bootstrapping Spring Data Neo4j repositories in DEFAULT mode.
2022-06-15-16-27 [main] [org.springframework.data.repository.config.RepositoryConfigurationDelegate] [INFO] - Finished Spring Data repository scanning in 3 ms. Found 0 Neo4j repository interfaces.
2022-06-15-16-27 [main] [org.springframework.data.repository.config.RepositoryConfigurationDelegate] [INFO] - Multiple Spring Data modules found, entering strict repository configuration mode!
2022-06-15-16-27 [main] [org.springframework.data.repository.config.RepositoryConfigurationDelegate] [INFO] - Bootstrapping Spring Data Redis repositories in DEFAULT mode.
2022-06-15-16-27 [main] [org.springframework.data.repository.config.RepositoryConfigurationDelegate] [INFO] - Finished Spring Data repository scanning in 3 ms. Found 0 Redis repository interfaces.
2022-06-15-16-27 [main] [org.springframework.context.support.PostProcessorRegistrationDelegate$BeanPostProcessorChecker] [INFO] - Bean 'customizeAsyncConfigurer' of type [com.example.springbootdemo.config.CustomizeAsyncConfigurer$$EnhancerBySpringCGLIB$$372fbd4c] is not eligible for getting processed by all BeanPostProcessors (for example: not eligible for auto-proxying)
2022-06-15-16-27 [main] [org.springframework.boot.web.embedded.tomcat.TomcatWebServer] [INFO] - Tomcat initialized with port(s): 8080 (http)
2022-06-15-16-27 [main] [org.springframework.boot.web.servlet.context.ServletWebServerApplicationContext] [INFO] - Root WebApplicationContext: initialization completed in 1744 ms
2022-06-15-16-27 [main] [com.alibaba.druid.spring.boot.autoconfigure.DruidDataSourceAutoConfigure] [INFO] - Init DruidDataSource
2022-06-15-16-27 [main] [com.alibaba.druid.pool.DruidDataSource] [INFO] - {dataSource-1} inited
2022-06-15-16-27 [main] [org.springframework.boot.web.servlet.context.AnnotationConfigServletWebServerApplicationContext] [WARN] - Exception encountered during context initialization - cancelling refresh attempt: org.springframework.beans.factory.BeanCreationException: Error creating bean with name 'spiTestController': Injection of resource dependencies failed; nested exception is org.springframework.beans.factory.NoSuchBeanDefinitionException: No qualifying bean of type 'com.example.springbootdemo.service.spi.TestSpiService' available: expected at least 1 bean which qualifies as autowire candidate. Dependency annotations: {@javax.annotation.Resource(shareable=true, lookup=, name=, description=, authenticationType=CONTAINER, type=class java.lang.Object, mappedName=)}
2022-06-15-16-27 [main] [com.alibaba.druid.pool.DruidDataSource] [INFO] - {dataSource-1} closing ...
2022-06-15-16-27 [main] [com.alibaba.druid.pool.DruidDataSource] [INFO] - {dataSource-1} closed
2022-06-15-16-27 [main] [org.springframework.boot.autoconfigure.logging.ConditionEvaluationReportLoggingListener] [INFO] - 

Error starting ApplicationContext. To display the conditions report re-run your application with 'debug' enabled.
2022-06-15-16-27 [main] [org.springframework.boot.diagnostics.LoggingFailureAnalysisReporter] [ERROR] - 

***************************
APPLICATION FAILED TO START
***************************

Description:

A component required a bean of type 'com.example.springbootdemo.service.spi.TestSpiService' that could not be found.


Action:

Consider defining a bean of type 'com.example.springbootdemo.service.spi.TestSpiService' in your configuration.

2022-06-15-16-28 [main] [com.example.springbootdemo.SpringbootDemoApplication] [INFO] - Starting SpringbootDemoApplication using Java 1.8.0_191 on 192.168.0.102 with PID 24110 (/Users/zhangxianglong/IdeaProjects/zhangxianglong/spring/springboot/springboot-demo/target/classes started by zhangxianglong in /Users/zhangxianglong/IdeaProjects/zhangxianglong/spring/springboot/springboot-demo)
2022-06-15-16-28 [main] [com.example.springbootdemo.SpringbootDemoApplication] [INFO] - The following profiles are active: dev
2022-06-15-16-28 [main] [org.springframework.data.repository.config.RepositoryConfigurationDelegate] [INFO] - Multiple Spring Data modules found, entering strict repository configuration mode!
2022-06-15-16-28 [main] [org.springframework.data.repository.config.RepositoryConfigurationDelegate] [INFO] - Bootstrapping Spring Data Neo4j repositories in DEFAULT mode.
2022-06-15-16-28 [main] [org.springframework.data.repository.config.RepositoryConfigurationDelegate] [INFO] - Finished Spring Data repository scanning in 10 ms. Found 0 Neo4j repository interfaces.
2022-06-15-16-28 [main] [org.springframework.data.repository.config.RepositoryConfigurationDelegate] [INFO] - Multiple Spring Data modules found, entering strict repository configuration mode!
2022-06-15-16-28 [main] [org.springframework.data.repository.config.RepositoryConfigurationDelegate] [INFO] - Bootstrapping Spring Data Neo4j repositories in DEFAULT mode.
2022-06-15-16-28 [main] [org.springframework.data.repository.config.RepositoryConfigurationDelegate] [INFO] - Finished Spring Data repository scanning in 3 ms. Found 0 Neo4j repository interfaces.
2022-06-15-16-28 [main] [org.springframework.data.repository.config.RepositoryConfigurationDelegate] [INFO] - Multiple Spring Data modules found, entering strict repository configuration mode!
2022-06-15-16-28 [main] [org.springframework.data.repository.config.RepositoryConfigurationDelegate] [INFO] - Bootstrapping Spring Data Redis repositories in DEFAULT mode.
2022-06-15-16-28 [main] [org.springframework.data.repository.config.RepositoryConfigurationDelegate] [INFO] - Finished Spring Data repository scanning in 3 ms. Found 0 Redis repository interfaces.
2022-06-15-16-28 [main] [org.springframework.context.support.PostProcessorRegistrationDelegate$BeanPostProcessorChecker] [INFO] - Bean 'customizeAsyncConfigurer' of type [com.example.springbootdemo.config.CustomizeAsyncConfigurer$$EnhancerBySpringCGLIB$$372fbd4c] is not eligible for getting processed by all BeanPostProcessors (for example: not eligible for auto-proxying)
2022-06-15-16-28 [main] [org.springframework.boot.web.embedded.tomcat.TomcatWebServer] [INFO] - Tomcat initialized with port(s): 8080 (http)
2022-06-15-16-28 [main] [org.springframework.boot.web.servlet.context.ServletWebServerApplicationContext] [INFO] - Root WebApplicationContext: initialization completed in 1679 ms
2022-06-15-16-28 [main] [com.alibaba.druid.spring.boot.autoconfigure.DruidDataSourceAutoConfigure] [INFO] - Init DruidDataSource
2022-06-15-16-28 [main] [com.alibaba.druid.pool.DruidDataSource] [INFO] - {dataSource-1} inited
2022-06-15-16-28 [main] [org.springframework.boot.web.servlet.context.AnnotationConfigServletWebServerApplicationContext] [WARN] - Exception encountered during context initialization - cancelling refresh attempt: org.springframework.beans.factory.BeanCreationException: Error creating bean with name 'spiTestController': Injection of resource dependencies failed; nested exception is org.springframework.beans.factory.NoSuchBeanDefinitionException: No qualifying bean of type 'com.example.springbootdemo.service.spi.TestSpiService' available: expected at least 1 bean which qualifies as autowire candidate. Dependency annotations: {@javax.annotation.Resource(shareable=true, lookup=, name=, description=, authenticationType=CONTAINER, type=class java.lang.Object, mappedName=)}
2022-06-15-16-28 [main] [com.alibaba.druid.pool.DruidDataSource] [INFO] - {dataSource-1} closing ...
2022-06-15-16-28 [main] [com.alibaba.druid.pool.DruidDataSource] [INFO] - {dataSource-1} closed
2022-06-15-16-28 [main] [org.springframework.boot.autoconfigure.logging.ConditionEvaluationReportLoggingListener] [INFO] - 

Error starting ApplicationContext. To display the conditions report re-run your application with 'debug' enabled.
2022-06-15-16-28 [main] [org.springframework.boot.diagnostics.LoggingFailureAnalysisReporter] [ERROR] - 

***************************
APPLICATION FAILED TO START
***************************

Description:

A component required a bean of type 'com.example.springbootdemo.service.spi.TestSpiService' that could not be found.


Action:

Consider defining a bean of type 'com.example.springbootdemo.service.spi.TestSpiService' in your configuration.

2022-06-15-16-28 [main] [com.example.springbootdemo.SpringbootDemoApplication] [INFO] - Starting SpringbootDemoApplication using Java 1.8.0_191 on 192.168.0.102 with PID 24117 (/Users/zhangxianglong/IdeaProjects/zhangxianglong/spring/springboot/springboot-demo/target/classes started by zhangxianglong in /Users/zhangxianglong/IdeaProjects/zhangxianglong/spring/springboot/springboot-demo)
2022-06-15-16-28 [main] [com.example.springbootdemo.SpringbootDemoApplication] [INFO] - The following profiles are active: dev
2022-06-15-16-28 [main] [org.springframework.data.repository.config.RepositoryConfigurationDelegate] [INFO] - Multiple Spring Data modules found, entering strict repository configuration mode!
2022-06-15-16-28 [main] [org.springframework.data.repository.config.RepositoryConfigurationDelegate] [INFO] - Bootstrapping Spring Data Neo4j repositories in DEFAULT mode.
2022-06-15-16-28 [main] [org.springframework.data.repository.config.RepositoryConfigurationDelegate] [INFO] - Finished Spring Data repository scanning in 10 ms. Found 0 Neo4j repository interfaces.
2022-06-15-16-28 [main] [org.springframework.data.repository.config.RepositoryConfigurationDelegate] [INFO] - Multiple Spring Data modules found, entering strict repository configuration mode!
2022-06-15-16-28 [main] [org.springframework.data.repository.config.RepositoryConfigurationDelegate] [INFO] - Bootstrapping Spring Data Neo4j repositories in DEFAULT mode.
2022-06-15-16-28 [main] [org.springframework.data.repository.config.RepositoryConfigurationDelegate] [INFO] - Finished Spring Data repository scanning in 3 ms. Found 0 Neo4j repository interfaces.
2022-06-15-16-28 [main] [org.springframework.data.repository.config.RepositoryConfigurationDelegate] [INFO] - Multiple Spring Data modules found, entering strict repository configuration mode!
2022-06-15-16-28 [main] [org.springframework.data.repository.config.RepositoryConfigurationDelegate] [INFO] - Bootstrapping Spring Data Redis repositories in DEFAULT mode.
2022-06-15-16-28 [main] [org.springframework.data.repository.config.RepositoryConfigurationDelegate] [INFO] - Finished Spring Data repository scanning in 3 ms. Found 0 Redis repository interfaces.
2022-06-15-16-28 [main] [org.springframework.context.support.PostProcessorRegistrationDelegate$BeanPostProcessorChecker] [INFO] - Bean 'customizeAsyncConfigurer' of type [com.example.springbootdemo.config.CustomizeAsyncConfigurer$$EnhancerBySpringCGLIB$$9d481f9] is not eligible for getting processed by all BeanPostProcessors (for example: not eligible for auto-proxying)
2022-06-15-16-28 [main] [org.springframework.boot.web.embedded.tomcat.TomcatWebServer] [INFO] - Tomcat initialized with port(s): 8080 (http)
2022-06-15-16-28 [main] [org.springframework.boot.web.servlet.context.ServletWebServerApplicationContext] [INFO] - Root WebApplicationContext: initialization completed in 1610 ms
2022-06-15-16-28 [main] [com.alibaba.druid.spring.boot.autoconfigure.DruidDataSourceAutoConfigure] [INFO] - Init DruidDataSource
2022-06-15-16-28 [main] [com.alibaba.druid.pool.DruidDataSource] [INFO] - {dataSource-1} inited
2022-06-15-16-28 [main] [org.springframework.boot.web.servlet.context.AnnotationConfigServletWebServerApplicationContext] [WARN] - Exception encountered during context initialization - cancelling refresh attempt: org.springframework.beans.factory.BeanCreationException: Error creating bean with name 'spiTestController': Injection of resource dependencies failed; nested exception is org.springframework.beans.factory.NoSuchBeanDefinitionException: No qualifying bean of type 'com.example.springbootdemo.service.spi.TestSpiService' available: expected at least 1 bean which qualifies as autowire candidate. Dependency annotations: {@javax.annotation.Resource(shareable=true, lookup=, name=, description=, authenticationType=CONTAINER, type=class java.lang.Object, mappedName=)}
2022-06-15-16-28 [main] [com.alibaba.druid.pool.DruidDataSource] [INFO] - {dataSource-1} closing ...
2022-06-15-16-28 [main] [com.alibaba.druid.pool.DruidDataSource] [INFO] - {dataSource-1} closed
2022-06-15-16-28 [main] [org.springframework.boot.autoconfigure.logging.ConditionEvaluationReportLoggingListener] [INFO] - 

Error starting ApplicationContext. To display the conditions report re-run your application with 'debug' enabled.
2022-06-15-16-28 [main] [org.springframework.boot.diagnostics.LoggingFailureAnalysisReporter] [ERROR] - 

***************************
APPLICATION FAILED TO START
***************************

Description:

A component required a bean of type 'com.example.springbootdemo.service.spi.TestSpiService' that could not be found.


Action:

Consider defining a bean of type 'com.example.springbootdemo.service.spi.TestSpiService' in your configuration.

2022-06-15-16-29 [main] [com.example.springbootdemo.SpringbootDemoApplication] [INFO] - Starting SpringbootDemoApplication using Java 1.8.0_191 on 192.168.0.102 with PID 24125 (/Users/zhangxianglong/IdeaProjects/zhangxianglong/spring/springboot/springboot-demo/target/classes started by zhangxianglong in /Users/zhangxianglong/IdeaProjects/zhangxianglong/spring/springboot/springboot-demo)
2022-06-15-16-29 [main] [com.example.springbootdemo.SpringbootDemoApplication] [INFO] - The following profiles are active: dev
2022-06-15-16-29 [main] [org.springframework.data.repository.config.RepositoryConfigurationDelegate] [INFO] - Multiple Spring Data modules found, entering strict repository configuration mode!
2022-06-15-16-29 [main] [org.springframework.data.repository.config.RepositoryConfigurationDelegate] [INFO] - Bootstrapping Spring Data Neo4j repositories in DEFAULT mode.
2022-06-15-16-29 [main] [org.springframework.data.repository.config.RepositoryConfigurationDelegate] [INFO] - Finished Spring Data repository scanning in 10 ms. Found 0 Neo4j repository interfaces.
2022-06-15-16-29 [main] [org.springframework.data.repository.config.RepositoryConfigurationDelegate] [INFO] - Multiple Spring Data modules found, entering strict repository configuration mode!
2022-06-15-16-29 [main] [org.springframework.data.repository.config.RepositoryConfigurationDelegate] [INFO] - Bootstrapping Spring Data Neo4j repositories in DEFAULT mode.
2022-06-15-16-29 [main] [org.springframework.data.repository.config.RepositoryConfigurationDelegate] [INFO] - Finished Spring Data repository scanning in 3 ms. Found 0 Neo4j repository interfaces.
2022-06-15-16-29 [main] [org.springframework.data.repository.config.RepositoryConfigurationDelegate] [INFO] - Multiple Spring Data modules found, entering strict repository configuration mode!
2022-06-15-16-29 [main] [org.springframework.data.repository.config.RepositoryConfigurationDelegate] [INFO] - Bootstrapping Spring Data Redis repositories in DEFAULT mode.
2022-06-15-16-29 [main] [org.springframework.data.repository.config.RepositoryConfigurationDelegate] [INFO] - Finished Spring Data repository scanning in 3 ms. Found 0 Redis repository interfaces.
2022-06-15-16-29 [main] [org.springframework.context.support.PostProcessorRegistrationDelegate$BeanPostProcessorChecker] [INFO] - Bean 'customizeAsyncConfigurer' of type [com.example.springbootdemo.config.CustomizeAsyncConfigurer$$EnhancerBySpringCGLIB$$61dfc1e7] is not eligible for getting processed by all BeanPostProcessors (for example: not eligible for auto-proxying)
2022-06-15-16-29 [main] [org.springframework.boot.web.embedded.tomcat.TomcatWebServer] [INFO] - Tomcat initialized with port(s): 8080 (http)
2022-06-15-16-29 [main] [org.springframework.boot.web.servlet.context.ServletWebServerApplicationContext] [INFO] - Root WebApplicationContext: initialization completed in 1631 ms
2022-06-15-16-29 [main] [com.alibaba.druid.spring.boot.autoconfigure.DruidDataSourceAutoConfigure] [INFO] - Init DruidDataSource
2022-06-15-16-29 [main] [com.alibaba.druid.pool.DruidDataSource] [INFO] - {dataSource-1} inited
2022-06-15-16-29 [main] [springfox.documentation.spring.web.PropertySourcedRequestMappingHandlerMapping] [INFO] - Mapped URL path [/v2/api-docs] onto method [springfox.documentation.swagger2.web.Swagger2Controller#getDocumentation(String, HttpServletRequest)]
2022-06-15-16-29 [main] [org.neo4j.driver.Driver] [INFO] - Direct driver instance 2021979938 created for server address localhost:7687
2022-06-15-16-29 [main] [org.springframework.boot.web.embedded.tomcat.TomcatWebServer] [INFO] - Tomcat started on port(s): 8080 (http) with context path ''
2022-06-15-16-29 [main] [springfox.documentation.spring.web.plugins.DocumentationPluginsBootstrapper] [INFO] - Context refreshed
2022-06-15-16-29 [main] [springfox.documentation.spring.web.plugins.DocumentationPluginsBootstrapper] [INFO] - Found 1 custom documentation plugin(s)
2022-06-15-16-29 [main] [springfox.documentation.spring.web.scanners.ApiListingReferenceScanner] [INFO] - Scanning for api listing references
2022-06-15-16-29 [main] [springfox.documentation.spring.web.readers.operation.CachingOperationNameGenerator] [INFO] - Generating unique operation named: testUsingGET_1
2022-06-15-16-29 [main] [springfox.documentation.spring.web.readers.operation.CachingOperationNameGenerator] [INFO] - Generating unique operation named: testUsingGET_2
2022-06-15-16-29 [main] [com.example.springbootdemo.SpringbootDemoApplication] [INFO] - Started SpringbootDemoApplication in 4.417 seconds (JVM running for 5.017)
2022-06-15-16-29 [http-nio-8080-exec-1] [org.springframework.web.servlet.DispatcherServlet] [INFO] - Initializing Servlet 'dispatcherServlet'
2022-06-15-16-29 [http-nio-8080-exec-1] [org.springframework.web.servlet.DispatcherServlet] [INFO] - Completed initialization in 1 ms
2022-06-15-16-29 [SpringApplicationShutdownHook] [org.neo4j.driver.Driver] [INFO] - Closing driver instance 2021979938
